Determining if the function pcap_get_pfring_id exists failed with the following output:
Change Dir: /home/john/repos/pcap-sniffer/CMakeFiles/CMakeTmp

Run Build Command:"/usr/bin/make" "cmTC_b2a40/fast"
/usr/bin/make -f CMakeFiles/cmTC_b2a40.dir/build.make CMakeFiles/cmTC_b2a40.dir/build
make[1]: Entering directory '/home/john/repos/pcap-sniffer/CMakeFiles/CMakeTmp'
Building C object CMakeFiles/cmTC_b2a40.dir/CheckFunctionExists.c.o
/usr/bin/cc   -DCHECK_FUNCTION_EXISTS=pcap_get_pfring_id   -o CMakeFiles/cmTC_b2a40.dir/CheckFunctionExists.c.o   -c /usr/share/cmake-3.10/Modules/CheckFunctionExists.c
Linking C executable cmTC_b2a40
/usr/bin/cmake -E cmake_link_script CMakeFiles/cmTC_b2a40.dir/link.txt --verbose=1
/usr/bin/cc  -DCHECK_FUNCTION_EXISTS=pcap_get_pfring_id    CMakeFiles/cmTC_b2a40.dir/CheckFunctionExists.c.o  -o cmTC_b2a40 /usr/lib/x86_64-linux-gnu/libpcap.so 
CMakeFiles/cmTC_b2a40.dir/CheckFunctionExists.c.o: In function `main':
CheckFunctionExists.c:(.text+0x10): undefined reference to `pcap_get_pfring_id'
collect2: error: ld returned 1 exit status
CMakeFiles/cmTC_b2a40.dir/build.make:98: recipe for target 'cmTC_b2a40' failed
make[1]: *** [cmTC_b2a40] Error 1
make[1]: Leaving directory '/home/john/repos/pcap-sniffer/CMakeFiles/CMakeTmp'
Makefile:126: recipe for target 'cmTC_b2a40/fast' failed
make: *** [cmTC_b2a40/fast] Error 2


Determining if the function pcap_get_pfring_id exists failed with the following output:
Change Dir: /home/john/repos/pcap-sniffer/CMakeFiles/CMakeTmp

Run Build Command:"/usr/bin/make" "cmTC_ac3e9/fast"
/usr/bin/make -f CMakeFiles/cmTC_ac3e9.dir/build.make CMakeFiles/cmTC_ac3e9.dir/build
make[1]: Entering directory '/home/john/repos/pcap-sniffer/CMakeFiles/CMakeTmp'
Building C object CMakeFiles/cmTC_ac3e9.dir/CheckFunctionExists.c.o
/usr/bin/cc   -DCHECK_FUNCTION_EXISTS=pcap_get_pfring_id   -o CMakeFiles/cmTC_ac3e9.dir/CheckFunctionExists.c.o   -c /usr/share/cmake-3.10/Modules/CheckFunctionExists.c
Linking C executable cmTC_ac3e9
/usr/bin/cmake -E cmake_link_script CMakeFiles/cmTC_ac3e9.dir/link.txt --verbose=1
/usr/bin/cc  -DCHECK_FUNCTION_EXISTS=pcap_get_pfring_id    CMakeFiles/cmTC_ac3e9.dir/CheckFunctionExists.c.o  -o cmTC_ac3e9 /usr/lib/x86_64-linux-gnu/libpcap.so 
CMakeFiles/cmTC_ac3e9.dir/CheckFunctionExists.c.o: In function `main':
CheckFunctionExists.c:(.text+0x10): undefined reference to `pcap_get_pfring_id'
collect2: error: ld returned 1 exit status
CMakeFiles/cmTC_ac3e9.dir/build.make:98: recipe for target 'cmTC_ac3e9' failed
make[1]: *** [cmTC_ac3e9] Error 1
make[1]: Leaving directory '/home/john/repos/pcap-sniffer/CMakeFiles/CMakeTmp'
Makefile:126: recipe for target 'cmTC_ac3e9/fast' failed
make: *** [cmTC_ac3e9/fast] Error 2


Determining if the function pcap_get_pfring_id exists failed with the following output:
Change Dir: /home/john/repos/pcap-sniffer/CMakeFiles/CMakeTmp

Run Build Command:"/usr/bin/make" "cmTC_b5b90/fast"
/usr/bin/make -f CMakeFiles/cmTC_b5b90.dir/build.make CMakeFiles/cmTC_b5b90.dir/build
make[1]: Entering directory '/home/john/repos/pcap-sniffer/CMakeFiles/CMakeTmp'
Building C object CMakeFiles/cmTC_b5b90.dir/CheckFunctionExists.c.o
/usr/bin/cc   -DCHECK_FUNCTION_EXISTS=pcap_get_pfring_id   -o CMakeFiles/cmTC_b5b90.dir/CheckFunctionExists.c.o   -c /usr/share/cmake-3.10/Modules/CheckFunctionExists.c
Linking C executable cmTC_b5b90
/usr/bin/cmake -E cmake_link_script CMakeFiles/cmTC_b5b90.dir/link.txt --verbose=1
/usr/bin/cc  -DCHECK_FUNCTION_EXISTS=pcap_get_pfring_id    CMakeFiles/cmTC_b5b90.dir/CheckFunctionExists.c.o  -o cmTC_b5b90 /usr/lib/x86_64-linux-gnu/libpcap.so 
CMakeFiles/cmTC_b5b90.dir/CheckFunctionExists.c.o: In function `main':
CheckFunctionExists.c:(.text+0x10): undefined reference to `pcap_get_pfring_id'
collect2: error: ld returned 1 exit status
CMakeFiles/cmTC_b5b90.dir/build.make:98: recipe for target 'cmTC_b5b90' failed
make[1]: *** [cmTC_b5b90] Error 1
make[1]: Leaving directory '/home/john/repos/pcap-sniffer/CMakeFiles/CMakeTmp'
Makefile:126: recipe for target 'cmTC_b5b90/fast' failed
make: *** [cmTC_b5b90/fast] Error 2


